<?xml version="1.0" encoding="UTF-8"?>
<testng-results skipped="0" failed="0" ignored="0" total="1" passed="1">
  <reporter-output>
  </reporter-output>
  <suite name="Surefire suite" duration-ms="32" started-at="2017-09-11T10:55:14Z" finished-at="2017-09-11T10:55:14Z">
    <groups>
    </groups>
    <test name="Surefire test" duration-ms="32" started-at="2017-09-11T10:55:14Z" finished-at="2017-09-11T10:55:14Z">
      <class name="com.selenium.project.Maven_project.AppTest">
        <test-method status="PASS" signature="testApp()[pri:0, instance:testApp(com.selenium.project.Maven_project.AppTest)]" name="testApp" duration-ms="7" started-at="2017-09-11T16:25:14Z" finished-at="2017-09-11T16:25:14Z">
          <reporter-output>
          </reporter-output>
        </test-method> <!-- testApp -->
      </class> <!-- com.selenium.project.Maven_project.AppTest -->
    </test> <!-- Surefire test -->
  </suite> <!-- Surefire suite -->
</testng-results>
